0 info it worked if it ends with ok
1 verbose cli [ 'C:\\Program Files\\nodejs\\node.exe',
1 verbose cli   'C:\\Program Files\\nodejs\\node_modules\\npm\\bin\\npm-cli.js',
1 verbose cli   'run',
1 verbose cli   'dev' ]
2 info using npm@3.10.10
3 info using node@v6.11.1
4 verbose run-script [ 'predev', 'dev', 'postdev' ]
5 info lifecycle project1@1.0.0~predev: project1@1.0.0
6 silly lifecycle project1@1.0.0~predev: no script for predev, continuing
7 info lifecycle project1@1.0.0~dev: project1@1.0.0
8 verbose lifecycle project1@1.0.0~dev: unsafe-perm in lifecycle true
9 verbose lifecycle project1@1.0.0~dev: PATH: C:\Program Files\nodejs\node_modules\npm\bin\node-gyp-bin;C:\Users\my_ho\react\dietapp\dietapp\node_modules\.bin;C:\ProgramData\Oracle\Java\javapath;C:\windows\system32;C:\windows;C:\windows\System32\Wbem;C:\windows\System32\WindowsPowerShell\v1.0\;C:\Program Files (x86)\NVIDIA Corporation\PhysX\Common;C:\Program Files\MiKTeX 2.9\miktex\bin\x64\;C:\Program Files\MySQL\MySQL Utilities 1.6\;C:\Program Files\Git\cmd;C:\Program Files\nodejs\;%SystemRoot%\system32;%SystemRoot%;%SystemRoot%\System32\Wbem;%SYSTEMROOT%\System32\WindowsPowerShell\v1.0\;C:\Users\my_ho\Anaconda3;C:\Users\my_ho\Anaconda3\Scripts;C:\Users\my_ho\Anaconda3\Library\bin;C:\Users\my_ho\AppData\Local\Microsoft\WindowsApps;C:\Program Files (x86)\Microsoft VS Code\bin;C:\Users\my_ho\AppData\Roaming\npm;C:\Users\my_ho\AppData\Local\GitHubDesktop\bin
10 verbose lifecycle project1@1.0.0~dev: CWD: C:\Users\my_ho\react\dietapp\dietapp
11 silly lifecycle project1@1.0.0~dev: Args: [ '/d /s /c', 'webpack-dev-server --env.dev' ]
12 silly lifecycle project1@1.0.0~dev: Returned: code: 3221225786  signal: null
13 info lifecycle project1@1.0.0~dev: Failed to exec dev script
14 verbose stack Error: project1@1.0.0 dev: `webpack-dev-server --env.dev`
14 verbose stack Exit status 3221225786
14 verbose stack     at EventEmitter.<anonymous> (C:\Program Files\nodejs\node_modules\npm\lib\utils\lifecycle.js:255:16)
14 verbose stack     at emitTwo (events.js:106:13)
14 verbose stack     at EventEmitter.emit (events.js:191:7)
14 verbose stack     at ChildProcess.<anonymous> (C:\Program Files\nodejs\node_modules\npm\lib\utils\spawn.js:40:14)
14 verbose stack     at emitTwo (events.js:106:13)
14 verbose stack     at ChildProcess.emit (events.js:191:7)
14 verbose stack     at maybeClose (internal/child_process.js:891:16)
14 verbose stack     at Process.ChildProcess._handle.onexit (internal/child_process.js:226:5)
15 verbose pkgid project1@1.0.0
16 verbose cwd C:\Users\my_ho\react\dietapp\dietapp
17 error Windows_NT 10.0.16299
18 error argv "C:\\Program Files\\nodejs\\node.exe" "C:\\Program Files\\nodejs\\node_modules\\npm\\bin\\npm-cli.js" "run" "dev"
19 error node v6.11.1
20 error npm  v3.10.10
21 error code ELIFECYCLE
22 error project1@1.0.0 dev: `webpack-dev-server --env.dev`
22 error Exit status 3221225786
23 error Failed at the project1@1.0.0 dev script 'webpack-dev-server --env.dev'.
23 error Make sure you have the latest version of node.js and npm installed.
23 error If you do, this is most likely a problem with the project1 package,
23 error not with npm itself.
23 error Tell the author that this fails on your system:
23 error     webpack-dev-server --env.dev
23 error You can get information on how to open an issue for this project with:
23 error     npm bugs project1
23 error Or if that isn't available, you can get their info via:
23 error     npm owner ls project1
23 error There is likely additional logging output above.
24 verbose exit [ 1, true ]
